<?xml version="1.0" encoding="UTF-8"?>
<testsuite xmlns:xsi="http://www.w3.org/2001/XMLSchema-instance" xsi:noNamespaceSchemaLocation="https://maven.apache.org/surefire/maven-surefire-plugin/xsd/surefire-test-report.xsd" version="3.0.2" name="com.example.bank_rest_test_task.BankRestTestTaskApplicationTests" time="9.797" tests="1" errors="0" skipped="0" failures="0">
  <properties>
[...]
</properties>
  <testcase name="contextLoads" classname="com.example.bank_rest_test_task.BankRestTestTaskApplicationTests" time="0.014">
    <system-out><![CDATA[2025-08-07T09:25:21.894+02:00  INFO 120695 --- [           main] t.c.s.AnnotationConfigContextLoaderUtils : Could not detect default configuration classes for test class [com.example.bank_rest_test_task.BankRestTestTaskApplicationTests]: BankRestTestTaskApplicationTests does not declare any static, non-private, non-final, nested classes annotated with @Configuration.
2025-08-07T09:25:21.906+02:00  INFO 120695 --- [           main] .b.t.c.SpringBootTestContextBootstrapper : Found @SpringBootConfiguration com.example.bank_rest_test_task.BankRestTestTaskApplication for test class com.example.bank_rest_test_task.BankRestTestTaskApplicationTests

  .   ____          _            __ _ _
 /\\ / ___'_ __ _ _(_)_ __  __ _ \ \ \ \
( ( )\___ | '_ | '_| | '_ \/ _` | \ \ \ \
 \\/  ___)| |_)| | | | | || (_| |  ) ) ) )
  '  |____| .__|_| |_|_| |_\__, | / / / /
 =========|_|==============|___/=/_/_/_/

 :: Spring Boot ::                (v3.5.4)

2025-08-07T09:25:22.076+02:00  INFO 120695 --- [Bank_REST_Test_Task] [           main] c.e.b.BankRestTestTaskApplicationTests   : Starting BankRestTestTaskApplicationTests using Java 17.0.16 with PID 120695 (started by another in /home/another/Project/developering/Bank_REST_Test_Task)
2025-08-07T09:25:22.077+02:00  INFO 120695 --- [Bank_REST_Test_Task] [           main] c.e.b.BankRestTestTaskApplicationTests   : The following 1 profile is active: "dev"
2025-08-07T09:25:22.080+02:00 DEBUG 120695 --- [Bank_REST_Test_Task] [           main] o.s.w.c.s.GenericWebApplicationContext   : Refreshing org.springframework.web.context.support.GenericWebApplicationContext@6eed5b68
2025-08-07T09:25:22.734+02:00  INFO 120695 --- [Bank_REST_Test_Task] [           main] .s.d.r.c.RepositoryConfigurationDelegate : Bootstrapping Spring Data JPA repositories in DEFAULT mode.
2025-08-07T09:25:22.819+02:00  INFO 120695 --- [Bank_REST_Test_Task] [           main] .s.d.r.c.RepositoryConfigurationDelegate : Finished Spring Data repository scanning in 69 ms. Found 4 JPA repository interfaces.
2025-08-07T09:25:23.117+02:00  INFO 120695 --- [Bank_REST_Test_Task] [           main] ptablePropertiesBeanFactoryPostProcessor : Post-processing PropertySource instances
2025-08-07T09:25:23.118+02:00  INFO 120695 --- [Bank_REST_Test_Task] [           main] c.u.j.EncryptablePropertySourceConverter : Skipping PropertySource configurationProperties [class org.springframework.boot.context.properties.source.ConfigurationPropertySourcesPropertySource
2025-08-07T09:25:23.121+02:00  INFO 120695 --- [Bank_REST_Test_Task] [           main] c.u.j.EncryptablePropertySourceConverter : Converting PropertySource test [org.springframework.core.env.MapPropertySource] to EncryptableMapPropertySourceWrapper
2025-08-07T09:25:23.121+02:00  INFO 120695 --- [Bank_REST_Test_Task] [           main] c.u.j.EncryptablePropertySourceConverter : Converting PropertySource Inlined Test Properties [org.springframework.core.env.MapPropertySource] to EncryptableMapPropertySourceWrapper
2025-08-07T09:25:23.122+02:00  INFO 120695 --- [Bank_REST_Test_Task] [           main] c.u.j.EncryptablePropertySourceConverter : Converting PropertySource active-test-profiles [org.springframework.core.env.MapPropertySource] to EncryptableMapPropertySourceWrapper
2025-08-07T09:25:23.122+02:00  INFO 120695 --- [Bank_REST_Test_Task] [           main] c.u.j.EncryptablePropertySourceConverter : Skipping PropertySource servletConfigInitParams [class org.springframework.core.env.PropertySource$StubPropertySource
2025-08-07T09:25:23.122+02:00  INFO 120695 --- [Bank_REST_Test_Task] [           main] c.u.j.EncryptablePropertySourceConverter : Converting PropertySource servletContextInitParams [org.springframework.web.context.support.ServletContextPropertySource] to EncryptableEnumerablePropertySourceWrapper
2025-08-07T09:25:23.122+02:00  INFO 120695 --- [Bank_REST_Test_Task] [           main] c.u.j.EncryptablePropertySourceConverter : Converting PropertySource systemProperties [org.springframework.core.env.PropertiesPropertySource] to EncryptableMapPropertySourceWrapper
2025-08-07T09:25:23.122+02:00  INFO 120695 --- [Bank_REST_Test_Task] [           main] c.u.j.EncryptablePropertySourceConverter : Converting PropertySource systemEnvironment [org.springframework.boot.env.SystemEnvironmentPropertySourceEnvironmentPostProcessor$OriginAwareSystemEnvironmentPropertySource] to EncryptableSystemEnvironmentPropertySourceWrapper
2025-08-07T09:25:23.123+02:00  INFO 120695 --- [Bank_REST_Test_Task] [           main] c.u.j.EncryptablePropertySourceConverter : Converting PropertySource random [org.springframework.boot.env.RandomValuePropertySource] to EncryptablePropertySourceWrapper
2025-08-07T09:25:23.123+02:00  INFO 120695 --- [Bank_REST_Test_Task] [           main] c.u.j.EncryptablePropertySourceConverter : Converting PropertySource Config resource 'class path resource [application-dev.yml]' via location 'optional:classpath:/' [org.springframework.boot.env.OriginTrackedMapPropertySource] to EncryptableMapPropertySourceWrapper
2025-08-07T09:25:23.123+02:00  INFO 120695 --- [Bank_REST_Test_Task] [           main] c.u.j.EncryptablePropertySourceConverter : Converting PropertySource applicationInfo [org.springframework.boot.ApplicationInfoPropertySource] to EncryptableMapPropertySourceWrapper
2025-08-07T09:25:23.226+02:00  INFO 120695 --- [Bank_REST_Test_Task] [           main] c.u.j.filter.DefaultLazyPropertyFilter   : Property Filter custom Bean not found with name 'encryptablePropertyFilter'. Initializing Default Property Filter
2025-08-07T09:25:23.241+02:00  INFO 120695 --- [Bank_REST_Test_Task] [           main] c.u.j.r.DefaultLazyPropertyResolver      : Property Resolver custom Bean not found with name 'encryptablePropertyResolver'. Initializing Default Property Resolver
2025-08-07T09:25:23.245+02:00  INFO 120695 --- [Bank_REST_Test_Task] [           main] c.u.j.d.DefaultLazyPropertyDetector      : Property Detector custom Bean not found with name 'encryptablePropertyDetector'. Initializing Default Property Detector
2025-08-07T09:25:23.409+02:00  INFO 120695 --- [Bank_REST_Test_Task] [           main] com.zaxxer.hikari.HikariDataSource       : HikariPool-1 - Starting...
2025-08-07T09:25:23.761+02:00  INFO 120695 --- [Bank_REST_Test_Task] [           main] com.zaxxer.hikari.pool.HikariPool        : HikariPool-1 - Added connection org.postgresql.jdbc.PgConnection@612c4c10
2025-08-07T09:25:23.763+02:00  INFO 120695 --- [Bank_REST_Test_Task] [           main] com.zaxxer.hikari.HikariDataSource       : HikariPool-1 - Start completed.
2025-08-07T09:25:24.016+02:00  INFO 120695 --- [Bank_REST_Test_Task] [           main] liquibase.database                       : Set default schema name to public
2025-08-07T09:25:24.701+02:00  INFO 120695 --- [Bank_REST_Test_Task] [           main] liquibase.changelog                      : Reading from public.databasechangelog
2025-08-07T09:25:24.834+02:00  INFO 120695 --- [Bank_REST_Test_Task] [           main] liquibase.ui                             : Database is up to date, no changesets to execute
2025-08-07T09:25:24.837+02:00  INFO 120695 --- [Bank_REST_Test_Task] [           main] liquibase.changelog                      : Reading from public.databasechangelog
2025-08-07T09:25:24.854+02:00  INFO 120695 --- [Bank_REST_Test_Task] [           main] liquibase.util                           : UPDATE SUMMARY
2025-08-07T09:25:24.855+02:00  INFO 120695 --- [Bank_REST_Test_Task] [           main] liquibase.util                           : Run:                          0
2025-08-07T09:25:24.855+02:00  INFO 120695 --- [Bank_REST_Test_Task] [           main] liquibase.util                           : Previously run:               4
2025-08-07T09:25:24.855+02:00  INFO 120695 --- [Bank_REST_Test_Task] [           main] liquibase.util                           : Filtered out:                 0
2025-08-07T09:25:24.855+02:00  INFO 120695 --- [Bank_REST_Test_Task] [           main] liquibase.util                           : -------------------------------
2025-08-07T09:25:24.855+02:00  INFO 120695 --- [Bank_REST_Test_Task] [           main] liquibase.util                           : Total change sets:            4
2025-08-07T09:25:24.857+02:00  INFO 120695 --- [Bank_REST_Test_Task] [           main] liquibase.util                           : Update summary generated
2025-08-07T09:25:24.858+02:00  INFO 120695 --- [Bank_REST_Test_Task] [           main] liquibase.command                        : Command execution complete
2025-08-07T09:25:25.635+02:00  INFO 120695 --- [Bank_REST_Test_Task] [           main] o.hibernate.jpa.internal.util.LogHelper  : HHH000204: Processing PersistenceUnitInfo [name: default]
2025-08-07T09:25:25.751+02:00  INFO 120695 --- [Bank_REST_Test_Task] [           main] org.hibernate.Version                    : HHH000412: Hibernate ORM core version 6.6.22.Final
2025-08-07T09:25:25.817+02:00  INFO 120695 --- [Bank_REST_Test_Task] [           main] o.h.c.internal.RegionFactoryInitiator    : HHH000026: Second-level cache disabled
2025-08-07T09:25:26.045+02:00  INFO 120695 --- [Bank_REST_Test_Task] [           main] o.s.o.j.p.SpringPersistenceUnitInfo      : No LoadTimeWeaver setup: ignoring JPA class transformer
2025-08-07T09:25:26.183+02:00  INFO 120695 --- [Bank_REST_Test_Task] [           main] org.hibernate.orm.connections.pooling    : HHH10001005: Database info:
	Database JDBC URL [Connecting through datasource 'HikariDataSource (HikariPool-1)']
	Database driver: undefined/unknown
	Database version: 15.13
	Autocommit mode: undefined/unknown
	Isolation level: undefined/unknown
	Minimum pool size: undefined/unknown
	Maximum pool size: undefined/unknown
2025-08-07T09:25:27.671+02:00  INFO 120695 --- [Bank_REST_Test_Task] [           main] o.h.e.t.j.p.i.JtaPlatformInitiator       : HHH000489: No JTA platform available (set 'hibernate.transaction.jta.platform' to enable JTA platform integration)
2025-08-07T09:25:27.676+02:00  INFO 120695 --- [Bank_REST_Test_Task] [           main] j.LocalContainerEntityManagerFactoryBean : Initialized JPA EntityManagerFactory for persistence unit 'default'
2025-08-07T09:25:28.920+02:00  INFO 120695 --- [Bank_REST_Test_Task] [           main] r$InitializeUserDetailsManagerConfigurer : Global AuthenticationManager configured with UserDetailsService bean with name customUserDetailsService
2025-08-07T09:25:28.972+02:00  INFO 120695 --- [Bank_REST_Test_Task] [           main] o.s.d.j.r.query.QueryEnhancerFactory     : Hibernate is in classpath; If applicable, HQL parser will be used.
2025-08-07T09:25:30.867+02:00  WARN 120695 --- [Bank_REST_Test_Task] [           main] JpaBaseConfiguration$JpaWebConfiguration : spring.jpa.open-in-view is enabled by default. Therefore, database queries may be performed during view rendering. Explicitly configure spring.jpa.open-in-view to disable this warning
2025-08-07T09:25:30.974+02:00 DEBUG 120695 --- [Bank_REST_Test_Task] [           main] s.w.s.m.m.a.RequestMappingHandlerMapping : 32 mappings in 'requestMappingHandlerMapping'
2025-08-07T09:25:31.053+02:00 DEBUG 120695 --- [Bank_REST_Test_Task] [           main] o.s.w.s.handler.SimpleUrlHandlerMapping  : Patterns [/webjars/**, /**, /swagger-ui*/*swagger-initializer.js, /swagger-ui*/**] in 'resourceHandlerMapping'
2025-08-07T09:25:31.209+02:00 DEBUG 120695 --- [Bank_REST_Test_Task] [           main] o.s.s.web.DefaultSecurityFilterChain     : Will secure any request with filters: DisableEncodeUrlFilter, WebAsyncManagerIntegrationFilter, SecurityContextHolderFilter, HeaderWriterFilter, CorsFilter, LogoutFilter, BearerTokenAuthenticationFilter, AuthenticationFilter, RequestCacheAwareFilter, SecurityContextHolderAwareRequestFilter, AnonymousAuthenticationFilter, SessionManagementFilter, ExceptionTranslationFilter, AuthorizationFilter
2025-08-07T09:25:31.370+02:00 DEBUG 120695 --- [Bank_REST_Test_Task] [           main] s.w.s.m.m.a.RequestMappingHandlerAdapter : ControllerAdvice beans: 0 @ModelAttribute, 0 @InitBinder, 1 RequestBodyAdvice, 1 ResponseBodyAdvice
2025-08-07T09:25:31.388+02:00 DEBUG 120695 --- [Bank_REST_Test_Task] [           main] .m.m.a.ExceptionHandlerExceptionResolver : ControllerAdvice beans: 2 @ExceptionHandler, 1 ResponseBodyAdvice
2025-08-07T09:25:31.670+02:00  INFO 120695 --- [Bank_REST_Test_Task] [           main] c.e.b.BankRestTestTaskApplicationTests   : Started BankRestTestTaskApplicationTests in 9.755 seconds (process running for 21.269)
]]></system-out>
  </testcase>
</testsuite>